[    0.000000] Linux version 4.15.0-212-generic (buildd@lcy02-amd64-083) (gcc version 7.5.0 (Ubuntu 7.5.0-3ubuntu1~18.04)) #223-Ubuntu SMP Tue May 23 13:09:22 UTC 2023 (Ubuntu 4.15.0-212.223-generic 4.15.18)
[    0.000000] Command line: BOOT_IMAGE=/boot/vmlinuz-4.15.0-212-generic root=LABEL=cloudimg-rootfs ro console=tty1 console=ttyS0
[    0.000000] KERNEL supported cpus:
[    0.000000]   Intel GenuineIntel
[    0.000000]   AMD AuthenticAMD
[    0.000000]   Centaur CentaurHauls
[    0.000000] [Firmware Bug]: TSC doesn't count with P0 frequency!
[    0.000000] x86/fpu: x87 FPU will use FXSAVE
[    0.000000] e820: BIOS-provided physical RAM map:
[    0.000000] BIOS-e820: [mem 0x0000000000000000-0x000000000009fbff] usable
[    0.000000] BIOS-e820: [mem 0x000000000009fc00-0x000000000009ffff] reserved
[    0.000000] BIOS-e820: [mem 0x00000000000f0000-0x00000000000fffff] reserved
[    0.000000] BIOS-e820: [mem 0x0000000000100000-0x000000003ffeffff] usable
[    0.000000] BIOS-e820: [mem 0x000000003fff0000-0x000000003fffffff] ACPI data
[    0.000000] BIOS-e820: [mem 0x00000000fec00000-0x00000000fec00fff] reserved
[    0.000000] BIOS-e820: [mem 0x00000000fee00000-0x00000000fee00fff] reserved
[    0.000000] BIOS-e820: [mem 0x00000000fffc0000-0x00000000ffffffff] reserved
[    0.000000] NX (Execute Disable) protection: active
[    0.000000] SMBIOS 2.5 present.
[    0.000000] DMI: innotek GmbH VirtualBox/VirtualBox, BIOS VirtualBox 12/01/2006
[    0.000000] Hypervisor detected: KVM
[    0.000000] e820: last_pfn = 0x3fff0 max_arch_pfn = 0x400000000
[    0.000000] MTRR: Disabled
[    0.000000] x86/PAT: MTRRs disabled, skipping PAT initialization too.
[    0.000000] CPU MTRRs all blank - virtualized system.
[    0.000000] x86/PAT: Configuration [0-7]: WB  WT  UC- UC  WB  WT  UC- UC  
[    0.000000] found SMP MP-table at [mem 0x0009fff0-0x0009ffff]
[    0.000000] Scanning 1 areas for low memory corruption
[    0.000000] RAMDISK: [mem 0x359cb000-0x36cdcfff]
[    0.000000] ACPI: Early table checksum verification disabled
[    0.000000] ACPI: RSDP 0x00000000000E0000 000024 (v02 VBOX  )
[    0.000000] ACPI: XSDT 0x000000003FFF0030 00003C (v01 VBOX   VBOXXSDT 00000001 ASL  00000061)
[    0.000000] ACPI: FACP 0x000000003FFF00F0 0000F4 (v04 VBOX   VBOXFACP 00000001 ASL  00000061)
[    0.000000] ACPI: DSDT 0x000000003FFF0610 002353 (v02 VBOX   VBOXBIOS 00000002 INTL 20100528)
[    0.000000] ACPI: FACS 0x000000003FFF0200 000040
[    0.000000] ACPI: FACS 0x000000003FFF0200 000040
[    0.000000] ACPI: APIC 0x000000003FFF0240 00005C (v02 VBOX   VBOXAPIC 00000001 ASL  00000061)
[    0.000000] ACPI: SSDT 0x000000003FFF02A0 00036C (v01 VBOX   VBOXCPUT 00000002 INTL 20100528)
[    0.000000] ACPI: Reserving FACP table memory at [mem 0x3fff00f0-0x3fff01e3]
[    0.000000] ACPI: Reserving DSDT table memory at [mem 0x3fff0610-0x3fff2962]
[    0.000000] ACPI: Reserving FACS table memory at [mem 0x3fff0200-0x3fff023f]
[    0.000000] ACPI: Reserving FACS table memory at [mem 0x3fff0200-0x3fff023f]
[    0.000000] ACPI: Reserving APIC table memory at [mem 0x3fff0240-0x3fff029b]
[    0.000000] ACPI: Reserving SSDT table memory at [mem 0x3fff02a0-0x3fff060b]
[    0.000000] No NUMA configuration found
[    0.000000] Faking a node at [mem 0x0000000000000000-0x000000003ffeffff]
[    0.000000] NODE_DATA(0) allocated [mem 0x3ffc5000-0x3ffeffff]
[    0.000000] kvm-clock: cpu 0, msr 0:3ff44001, primary cpu clock
[    0.000000] kvm-clock: Using msrs 4b564d01 and 4b564d00
[    0.000000] kvm-clock: using sched offset of 4051459692 cycles
[    0.000000] clocksource: kvm-clock: mask: 0xffffffffffffffff max_cycles: 0x1cd42e4dffb, max_idle_ns: 881590591483 ns
[    0.000000] Zone ranges:
[    0.000000]   DMA      [mem 0x0000000000001000-0x0000000000ffffff]
[    0.000000]   DMA32    [mem 0x0000000001000000-0x000000003ffeffff]
[    0.000000]   Normal   empty
[    0.000000]   Device   empty
[    0.000000] Movable zone start for each node
[    0.000000] Early memory node ranges
[    0.000000]   node   0: [mem 0x0000000000001000-0x000000000009efff]
[    0.000000]   node   0: [mem 0x0000000000100000-0x000000003ffeffff]
[    0.000000] Reserved but unavailable: 104 pages
[    0.000000] Initmem setup node 0 [mem 0x0000000000001000-0x000000003ffeffff]
[    0.000000] ACPI: PM-Timer IO Port: 0x4008
[    0.000000] IOAPIC[0]: apic_id 2, version 32, address 0xfec00000, GSI 0-23
[    0.000000] ACPI: INT_SRC_OVR (bus 0 bus_irq 0 global_irq 2 dfl dfl)
[    0.000000] ACPI: INT_SRC_OVR (bus 0 bus_irq 9 global_irq 9 low level)
[    0.000000] Using ACPI (MADT) for SMP configuration information
[    0.000000] smpboot: Allowing 2 CPUs, 0 hotplug CPUs
[    0.000000] PM: Registered nosave memory: [mem 0x00000000-0x00000fff]
[    0.000000] PM: Registered nosave memory: [mem 0x0009f000-0x0009ffff]
[    0.000000] PM: Registered nosave memory: [mem 0x000a0000-0x000effff]
[    0.000000] PM: Registered nosave memory: [mem 0x000f0000-0x000fffff]
[    0.000000] e820: [mem 0x40000000-0xfebfffff] available for PCI devices
[    0.000000] Booting paravirtualized kernel on KVM
[    0.000000] clocksource: refined-jiffies: mask: 0xffffffff max_cycles: 0xffffffff, max_idle_ns: 7645519600211568 ns
[    0.000000] setup_percpu: NR_CPUS:8192 nr_cpumask_bits:2 nr_cpu_ids:2 nr_node_ids:1
[    0.000000] percpu: Embedded 50 pages/cpu s167936 r8192 d28672 u1048576
[    0.000000] PV qspinlock hash table entries: 256 (order: 0, 4096 bytes)
[    0.000000] Built 1 zonelists, mobility grouping on.  Total pages: 257913
[    0.000000] Policy zone: DMA32
[    0.000000] Kernel command line: BOOT_IMAGE=/boot/vmlinuz-4.15.0-212-generic root=LABEL=cloudimg-rootfs ro console=tty1 console=ttyS0
[    0.000000] Memory: 982644K/1048120K available (12300K kernel code, 2477K rwdata, 4324K rodata, 2480K init, 2720K bss, 65476K reserved, 0K cma-reserved)
[    0.000000] SLUB: HWalign=64, Order=0-3, MinObjects=0, CPUs=2, Nodes=1
[    0.000000] ftrace: allocating 39508 entries in 155 pages
[    0.004000] Hierarchical RCU implementation.
[    0.004000] 	RCU restricting CPUs from NR_CPUS=8192 to nr_cpu_ids=2.
[    0.004000] 	Tasks RCU enabled.
[    0.004000] RCU: Adjusting geometry for rcu_fanout_leaf=16, nr_cpu_ids=2
[    0.004000] NR_IRQS: 524544, nr_irqs: 440, preallocated irqs: 16
[    0.004000] random: crng init done
[    0.004000] Console: colour VGA+ 80x25
[    0.004000] console [tty1] enabled
[    0.004000] console [ttyS0] enabled
[    0.004000] ACPI: Core revision 20170831
[    0.004000] ACPI: 2 ACPI AML tables successfully acquired and loaded
[    0.004000] APIC: Switch to symmetric I/O mode setup
[    0.004000] ..TIMER: vector=0x30 apic1=0 pin1=2 apic2=-1 pin2=-1
[    0.004016] tsc: Detected 2994.380 MHz processor
[    0.008008] Calibrating delay loop (skipped) preset value.. 5988.76 BogoMIPS (lpj=11977520)
[    0.012011] pid_max: default: 32768 minimum: 301
[    0.016101] Security Framework initialized
[    0.020004] Yama: becoming mindful.
[    0.024140] AppArmor: AppArmor initialized
[    0.034924] Dentry cache hash table entries: 131072 (order: 8, 1048576 bytes)
[    0.038494] Inode-cache hash table entries: 65536 (order: 7, 524288 bytes)
[    0.040135] Mount-cache hash table entries: 2048 (order: 2, 16384 bytes)
[    0.044124] Mountpoint-cache hash table entries: 2048 (order: 2, 16384 bytes)
[    0.049890] Last level iTLB entries: 4KB 1024, 2MB 1024, 4MB 512
[    0.052007] Last level dTLB entries: 4KB 2048, 2MB 2048, 4MB 1024, 1GB 0
[    0.056008] Spectre V1 : Mitigation: usercopy/swapgs barriers and __user pointer sanitization
[    0.060009] Spectre V2 : Mitigation: Retpolines
[    0.064007] Spectre V2 : Spectre v2 / SpectreRSB mitigation: Filling RSB on context switch
[    0.068006] Spectre V2 : Spectre v2 / SpectreRSB : Filling RSB on VMEXIT
[    0.072006] RETBleed: Vulnerable
[    0.076178] Freeing SMP alternatives memory: 36K
[    0.200009] APIC calibration not consistent with PM-Timer: 102ms instead of 100ms
[    0.204000] APIC delta adjusted to PM-Timer: 6318804 (6499390)
[    0.204436] smpboot: CPU0: AMD Ryzen 5 4600H with Radeon Graphics (family: 0x17, model: 0x60, stepping: 0x1)
[    0.208609] Performance Events: PMU not available due to virtualization, using software events only.
[    0.212195] Hierarchical SRCU implementation.
[    0.216884] NMI watchdog: Perf event create on CPU 0 failed with -2
[    0.220006] NMI watchdog: Perf NMI watchdog permanently disabled
[    0.228383] smp: Bringing up secondary CPUs ...
[    0.233226] x86: Booting SMP configuration:
[    0.236009] .... node  #0, CPUs:      #1
[    0.004000] kvm-clock: cpu 1, msr 0:3ff44041, secondary cpu clock
[    0.251700] TSC synchronization [CPU#0 -> CPU#1]:
[    0.252000] Measured 148454 cycles TSC warp between CPUs, turning off TSC clock.
[    0.252000] tsc: Marking TSC unstable due to check_tsc_sync_source failed
[    0.256387] smp: Brought up 1 node, 2 CPUs
[    0.260012] smpboot: Max logical packages: 1
[    0.264014] smpboot: Total of 2 processors activated (11977.52 BogoMIPS)
[    0.269042] devtmpfs: initialized
[    0.276607] x86/mm: Memory block size: 128MB
[    0.284564] evm: security.selinux
[    0.288006] evm: security.SMACK64
[    0.292013] evm: security.SMACK64EXEC
[    0.296012] evm: security.SMACK64TRANSMUTE
[    0.304006] evm: security.SMACK64MMAP
[    0.308004] evm: security.apparmor
[    0.312004] evm: security.ima
[    0.316009] evm: security.capability
[    0.328610] clocksource: jiffies: mask: 0xffffffff max_cycles: 0xffffffff, max_idle_ns: 7645041785100000 ns
[    0.332039] futex hash table entries: 512 (order: 3, 32768 bytes)
[    0.336403] pinctrl core: initialized pinctrl subsystem
[    0.340786] RTC time:  3:55:38, date: 09/11/24
[    0.345505] NET: Registered protocol family 16
[    0.348332] audit: initializing netlink subsys (disabled)
[    0.352366] audit: type=2000 audit(1726026943.027:1): state=initialized audit_enabled=0 res=1
[    0.364132] cpuidle: using governor ladder
[    0.372281] cpuidle: using governor menu
[    0.380072] ACPI: bus type PCI registered
[    0.384010] acpiphp: ACPI Hot Plug PCI Controller Driver version: 0.5
[    0.388820] PCI: Using configuration type 1 for base access
[    0.392010] PCI: Using configuration type 1 for extended access
[    0.404726] HugeTLB registered 2.00 MiB page size, pre-allocated 0 pages
[    0.412894] ACPI: Added _OSI(Module Device)
[    0.416030] ACPI: Added _OSI(Processor Device)
[    0.424011] ACPI: Added _OSI(3.0 _SCP Extensions)
[    0.428000] ACPI: Added _OSI(Processor Aggregator Device)
[    0.428023] ACPI: Added _OSI(Linux-Dell-Video)
[    0.432142] ACPI: Added _OSI(Linux-Lenovo-NV-HDMI-Audio)
[    0.436013] ACPI: Added _OSI(Linux-HPI-Hybrid-Graphics)
[    0.440994] ACPI: Executed 1 blocks of module-level executable AML code
[    0.450151] ACPI: Interpreter enabled
[    0.452030] ACPI: (supports S0 S5)
[    0.456012] ACPI: Using IOAPIC for interrupt routing
[    0.464232] PCI: Using host bridge windows from ACPI; if necessary, use "pci=nocrs" and report a bug
[    0.468326] ACPI: Enabled 2 GPEs in block 00 to 07
[    0.486280] ACPI: PCI Root Bridge [PCI0] (domain 0000 [bus 00-ff])
[    0.488023] acpi PNP0A03:00: _OSC: OS supports [ExtendedConfig ASPM ClockPM Segments MSI]
[    0.493646] acpi PNP0A03:00: _OSC: platform does not support [PCIeCapability]
[    0.496951] acpi PNP0A03:00: _OSC: not requesting control; platform does not support [PCIeCapability]
[    0.500010] acpi PNP0A03:00: _OSC: OS requested [PCIeHotplug PME AER PCIeCapability]
[    0.504011] acpi PNP0A03:00: _OSC: platform willing to grant [PCIeHotplug PME AER]
[    0.508011] acpi PNP0A03:00: _OSC failed (AE_SUPPORT); disabling ASPM
[    0.512939] PCI host bridge to bus 0000:00
[    0.516011] pci_bus 0000:00: root bus resource [io  0x0000-0x0cf7 window]
[    0.520011] pci_bus 0000:00: root bus resource [io  0x0d00-0xffff window]
[    0.524017] pci_bus 0000:00: root bus resource [mem 0x000a0000-0x000bffff window]
[    0.528009] pci_bus 0000:00: root bus resource [mem 0x40000000-0xfdffffff window]
[    0.532016] pci_bus 0000:00: root bus resource [bus 00-ff]
[    0.549356] pci 0000:00:01.1: legacy IDE quirk: reg 0x10: [io  0x01f0-0x01f7]
[    0.552012] pci 0000:00:01.1: legacy IDE quirk: reg 0x14: [io  0x03f6]
[    0.556011] pci 0000:00:01.1: legacy IDE quirk: reg 0x18: [io  0x0170-0x0177]
[    0.560015] pci 0000:00:01.1: legacy IDE quirk: reg 0x1c: [io  0x0376]
[    0.588232] pci 0000:00:07.0: quirk: [io  0x4000-0x403f] claimed by PIIX4 ACPI
[    0.592051] pci 0000:00:07.0: quirk: [io  0x4100-0x410f] claimed by PIIX4 SMB
[    0.614931] ACPI: PCI Interrupt Link [LNKA] (IRQs 5 9 10 *11)
[    0.616622] ACPI: PCI Interrupt Link [LNKB] (IRQs 5 9 *10 11)
[    0.620289] ACPI: PCI Interrupt Link [LNKC] (IRQs 5 *9 10 11)
[    0.624263] ACPI: PCI Interrupt Link [LNKD] (IRQs 5 9 10 *11)
[    0.632462] SCSI subsystem initialized
[    0.636546] pci 0000:00:02.0: vgaarb: setting as boot VGA device
[    0.640000] pci 0000:00:02.0: vgaarb: VGA device added: decodes=io+mem,owns=io+mem,locks=none
[    0.656012] pci 0000:00:02.0: vgaarb: bridge control possible
[    0.664008] vgaarb: loaded
[    0.668130] ACPI: bus type USB registered
[    0.676084] usbcore: registered new interface driver usbfs
[    0.680029] usbcore: registered new interface driver hub
[    0.688030] usbcore: registered new device driver usb
[    0.696341] EDAC MC: Ver: 3.0.0
[    0.704715] PCI: Using ACPI for IRQ routing
[    0.712988] NetLabel: Initializing
[    0.716009] NetLabel:  domain hash size = 128
[    0.724009] NetLabel:  protocols = UNLABELED CIPSOv4 CALIPSO
[    0.732112] NetLabel:  unlabeled traffic allowed by default
[    0.740454] clocksource: Switched to clocksource kvm-clock
[    0.769431] VFS: Disk quotas dquot_6.6.0
[    0.769431] VFS: Dquot-cache hash table entries: 512 (order 0, 4096 bytes)
[    0.769431] AppArmor: AppArmor Filesystem Enabled
[    0.769431] pnp: PnP ACPI init
[    0.769431] pnp: PnP ACPI: found 3 devices
[    0.874265] clocksource: acpi_pm: mask: 0xffffff max_cycles: 0xffffff, max_idle_ns: 2085701024 ns
[    0.876408] NET: Registered protocol family 2
[    0.876408] IP idents hash table entries: 16384 (order: 5, 131072 bytes)
[    0.895040] TCP established hash table entries: 8192 (order: 4, 65536 bytes)
[    0.902052] TCP bind hash table entries: 8192 (order: 5, 131072 bytes)
[    0.905597] TCP: Hash tables configured (established 8192 bind 8192)
[    0.905597] UDP hash table entries: 512 (order: 2, 16384 bytes)
[    0.905597] UDP-Lite hash table entries: 512 (order: 2, 16384 bytes)
[    0.905597] NET: Registered protocol family 1
[    0.905597] pci 0000:00:00.0: Limiting direct PCI/PCI transfers
[    0.905597] pci 0000:00:01.0: Activating ISA DMA hang workarounds
[    0.905597] pci 0000:00:02.0: Video device with shadowed ROM at [mem 0x000c0000-0x000dffff]
[    0.905597] Unpacking initramfs...
[    1.589010] Freeing initrd memory: 19528K
[    1.594419] clocksource: tsc: mask: 0xffffffffffffffff max_cycles: 0x2b298873dd8, max_idle_ns: 440795219646 ns
[    1.606103] platform rtc_cmos: registered platform RTC device (no PNP device found)
[    1.615882] Scanning for low memory corruption every 60 seconds
[    1.626684] Initialise system trusted keyrings
[    1.631214] Key type blacklist registered
[    1.636751] workingset: timestamp_bits=36 max_order=18 bucket_order=0
[    1.646223] zbud: loaded
[    1.651150] squashfs: version 4.0 (2009/01/31) Phillip Lougher
[    1.658571] fuse init (API version 7.26)
[    1.709919] Key type asymmetric registered
[    1.715488] Asymmetric key parser 'x509' registered
[    1.721094] Block layer SCSI generic (bsg) driver version 0.4 loaded (major 246)
[    1.730124] io scheduler noop registered
[    1.734858] io scheduler deadline registered
[    1.740155] io scheduler cfq registered (default)
[    1.747404] ACPI: AC Adapter [AC] (on-line)
[    1.752535] input: Power Button as /devices/LNXSYSTM:00/LNXPWRBN:00/input/input0
[    1.764346] ACPI: Power Button [PWRF]
[    1.769442] input: Sleep Button as /devices/LNXSYSTM:00/LNXSLPBN:00/input/input1
[    1.776643] ACPI: Sleep Button [SLPF]
[    1.783301] Serial: 8250/16550 driver, 32 ports, IRQ sharing enabled
[    1.785919] ACPI: Battery Slot [BAT0] (battery present)
[    1.822886] 00:02: ttyS0 at I/O 0x3f8 (irq = 4, base_baud = 115200) is a 16550A
[    1.852090] Linux agpgart interface v0.103
[    1.871635] loop: module loaded
[    1.880837] scsi host0: ata_piix
[    1.887462] scsi host1: ata_piix
[    1.891682] ata1: PATA max UDMA/33 cmd 0x1f0 ctl 0x3f6 bmdma 0xd000 irq 14
[    1.899274] ata2: PATA max UDMA/33 cmd 0x170 ctl 0x376 bmdma 0xd008 irq 15
[    1.906862] tun: Universal TUN/TAP device driver, 1.6
[    1.913913] PPP generic driver version 2.4.2
[    1.919826] ehci_hcd: USB 2.0 'Enhanced' Host Controller (EHCI) Driver
[    1.927738] ehci-pci: EHCI PCI platform driver
[    1.933120] ehci-platform: EHCI generic platform driver
[    1.939730] ohci_hcd: USB 1.1 'Open' Host Controller (OHCI) Driver
[    1.947159] ohci-pci: OHCI PCI platform driver
[    1.952389] ohci-platform: OHCI generic platform driver
[    1.958443] uhci_hcd: USB Universal Host Controller Interface driver
[    1.965930] i8042: PNP: PS/2 Controller [PNP0303:PS2K,PNP0f03:PS2M] at 0x60,0x64 irq 1,12
[    1.979815] serio: i8042 KBD port at 0x60,0x64 irq 1
[    1.985914] serio: i8042 AUX port at 0x60,0x64 irq 12
[    1.993598] mousedev: PS/2 mouse device common for all mice
[    2.005331] input: AT Translated Set 2 keyboard as /devices/platform/i8042/serio0/input/input2
[    2.010218] rtc_cmos rtc_cmos: rtc core: registered rtc_cmos as rtc0
[    2.022329] rtc_cmos rtc_cmos: alarms up to one day, 114 bytes nvram
[    2.030074] i2c /dev entries driver
[    2.034776] device-mapper: uevent: version 1.0.3
[    2.041088] device-mapper: ioctl: 4.37.0-ioctl (2017-09-20) initialised: dm-devel@redhat.com
[    2.050976] ledtrig-cpu: registered to indicate activity on CPUs
[    2.063372] NET: Registered protocol family 10
[    2.084033] Segment Routing with IPv6
[    2.088566] NET: Registered protocol family 17
[    2.093956] Key type dns_resolver registered
[    2.133411] mce: Using 0 MCE banks
[    2.138043] RAS: Correctable Errors collector initialized.
[    2.143813] sched_clock: Marking stable (2143694735, 0)->(3011021817, -867327082)
[    2.157538] registered taskstats version 1
[    2.162768] Loading compiled-in X.509 certificates
[    2.176038] Loaded X.509 cert 'Build time autogenerated kernel key: b5b26778eaa3ab3a4a6cee031137706e947d12ad'
[    2.187578] Loaded X.509 cert 'Canonical Ltd. Live Patch Signing: 14df34d1a87cf37625abec039ef2bf521249b969'
[    2.198433] Loaded X.509 cert 'Canonical Ltd. Kernel Module Signing: 88f752e560a1e0737e31163a466ad7b70a850c19'
[    2.209591] blacklist: Loading compiled-in revocation X.509 certificates
[    2.217759] Loaded X.509 cert 'Canonical Ltd. Secure Boot Signing: 61482aa2830d0ab2ad5af10b7250da9033ddcef0'
[    2.229592] Loaded X.509 cert 'Canonical Ltd. Secure Boot Signing (2017): 242ade75ac4a15e50d50c84b0d45ff3eae707a03'
[    2.241313] Loaded X.509 cert 'Canonical Ltd. Secure Boot Signing (ESM 2018): 365188c1d374d6b07c3c8f240f8ef722433d6a8b'
[    2.252489] Loaded X.509 cert 'Canonical Ltd. Secure Boot Signing (2019): c0746fd6c5da3ae827864651ad66ae47fe24b3e8'
[    2.262959] Loaded X.509 cert 'Canonical Ltd. Secure Boot Signing (2021 v1): a8d54bbb3825cfb94fa13c9f8a594a195c107b8d'
[    2.273699] Loaded X.509 cert 'Canonical Ltd. Secure Boot Signing (2021 v2): 4cf046892d6fd3c9a5b03f98d845f90851dc6a8c'
[    2.284274] Loaded X.509 cert 'Canonical Ltd. Secure Boot Signing (2021 v3): 100437bb6de6e469b581e61cd66bce3ef4ed53af'
[    2.294241] Loaded X.509 cert 'Canonical Ltd. Secure Boot Signing (Ubuntu Core 2019): c1d57b8f6b743f23ee41f4f7ee292f06eecadfb9'
[    2.307195] zswap: loaded using pool lzo/zbud
[    2.327147] Key type big_key registered
[    2.331515] Key type trusted registered
[    2.340625] Key type encrypted registered
[    2.345395] AppArmor: AppArmor sha1 policy hashing enabled
[    2.352208] ima: No TPM chip found, activating TPM-bypass! (rc=-19)
[    2.358819] ima: Allocated hash algorithm: sha1
[    2.364718] evm: HMAC attrs: 0x1
[    2.368992]   Magic number: 8:52:917
[    2.373430] rtc_cmos rtc_cmos: setting system clock to 2024-09-11 03:55:40 UTC (1726026940)
[    2.382981] BIOS EDD facility v0.16 2004-Jun-25, 0 devices found
[    2.389547] EDD information not available.
[    2.398323] Freeing unused kernel image memory: 2480K
[    3.157040] Write protecting the kernel read-only data: 20480k
[    3.166932] Freeing unused kernel image memory: 2008K
[    3.173723] Freeing unused kernel image memory: 1820K
[    3.186189] x86/mm: Checked W+X mappings: passed, no W+X pages found.
Loading, please wait...
starting version 237
[    3.307284] e1000: Intel(R) PRO/1000 Network Driver - version 7.3.21-k8-NAPI
[    3.315023] e1000: Copyright (c) 1999-2006 Intel Corporation.
[    3.327444] Fusion MPT base driver 3.04.20
[    3.333163] Copyright (c) 1999-2008 LSI Corporation
[    3.368678] SSE version of gcm_enc/dec engaged.
[    3.382963] Fusion MPT SPI Host driver 3.04.20
[    3.588365] input: ImExPS/2 Generic Explorer Mouse as /devices/platform/i8042/serio1/input/input4
[    4.084462] e1000 0000:00:03.0 eth0: (PCI:33MHz:32-bit) 02:3b:7b:b7:3b:2d
[    4.092706] e1000 0000:00:03.0 eth0: Intel(R) PRO/1000 Network Connection
[    4.757659] e1000 0000:00:08.0 eth1: (PCI:33MHz:32-bit) 08:00:27:e1:25:98
[    4.766213] e1000 0000:00:08.0 eth1: Intel(R) PRO/1000 Network Connection
[    4.777257] mptbase: ioc0: Initiating bringup
[    4.923865] ioc0: LSI53C1030 A0: Capabilities={Initiator}
[    6.013423] scsi host2: ioc0: LSI53C1030 A0, FwRev=00000000h, Ports=1, MaxQ=256, IRQ=20
[    6.190928] scsi 2:0:0:0: Direct-Access     VBOX     HARDDISK         1.0  PQ: 0 ANSI: 5
[    6.244360] scsi target2:0:0: Beginning Domain Validation
[    6.263493] scsi target2:0:0: Domain Validation skipping write tests
[    6.271287] scsi target2:0:0: Ending Domain Validation
[    6.278670] scsi target2:0:0: asynchronous
[    6.288138] scsi 2:0:1:0: Direct-Access     VBOX     HARDDISK         1.0  PQ: 0 ANSI: 5
[    6.705262] scsi target2:0:1: Beginning Domain Validation
[    6.726015] scsi target2:0:1: Domain Validation skipping write tests
[    6.733835] scsi target2:0:1: Ending Domain Validation
[    6.740899] scsi target2:0:1: asynchronous
[    6.763286] sd 2:0:0:0: Attached scsi generic sg0 type 0
[    6.778091] sd 2:0:0:0: [sda] 83886080 512-byte logical blocks: (42.9 GB/40.0 GiB)
[    6.789436] sd 2:0:1:0: Attached scsi generic sg1 type 0
[    6.797221] sd 2:0:1:0: [sdb] 20480 512-byte logical blocks: (10.5 MB/10.0 MiB)
[    6.805742] sd 2:0:0:0: [sda] Write Protect is off
[    6.811423] sd 2:0:1:0: [sdb] Write Protect is off
[    6.818719] sd 2:0:0:0: [sda] Incomplete mode parameter data
[    6.826433] sd 2:0:0:0: [sda] Assuming drive cache: write through
[    6.834373] sd 2:0:1:0: [sdb] Incomplete mode parameter data
[    6.841171] sd 2:0:1:0: [sdb] Assuming drive cache: write through
[    6.855547]  sda: sda1
[    6.863682] sd 2:0:0:0: [sda] Attached SCSI disk
[    6.876382] sd 2:0:1:0: [sdb] Attached SCSI disk
[    6.950850] e1000 0000:00:09.0 eth2: (PCI:33MHz:32-bit) 08:00:27:de:8d:08
[    6.959545] e1000 0000:00:09.0 eth2: Intel(R) PRO/1000 Network Connection
[    6.970062] e1000 0000:00:08.0 enp0s8: renamed from eth1
[    6.995265] e1000 0000:00:03.0 enp0s3: renamed from eth0
[    8.164762] e1000 0000:00:09.0 enp0s9: renamed from eth2
Begin: Loading essential drivers ... [   14.301033] raid6: sse2x1   gen()  7435 MB/s
[   14.352130] raid6: sse2x1   xor()  7030 MB/s
[   14.404930] raid6: sse2x2   gen() 13907 MB/s
[   14.456609] raid6: sse2x2   xor()  8669 MB/s
[   14.509043] raid6: sse2x4   gen() 15543 MB/s
[   14.560493] raid6: sse2x4   xor()  8221 MB/s
[   14.565056] raid6: using algorithm sse2x4 gen() 15543 MB/s
[   14.571265] raid6: .... xor() 8221 MB/s, rmw enabled
[   14.576225] raid6: using ssse3x2 recovery algorithm
[   14.586989] xor: measuring software checksum speed
[   19.165766]    prefetch64-sse: -398421.-296 MB/sec
[   20.188057]    generic_sse: -821240.-296 MB/sec
[   20.194080] xor: using function: prefetch64-sse (-398421.-296 MB/sec)
[   20.203483] async_tx: api initialized (async)
done.
Begin: Running /scripts/init-premount ... done.
Begin: Mounting root file system ... Begin: Running /scripts/local-top ... done.
Begin: Running /scripts/local-premount ... [   20.280263] Btrfs loaded, crc32c=crc32c-intel
Scanning for Btrfs filesystems
done.
Warning: fsck not present, so skipping root file system
[   20.395989] EXT4-fs (sda1): mounted filesystem with ordered data mode. Opts: (null)
done.
Begin: Running /scripts/local-bottom ... done.
Begin: Running /scripts/init-bottom ... done.
[   20.680860] ip_tables: (C) 2000-2006 Netfilter Core Team
[   20.708099] systemd[1]: systemd 237 running in system mode. (+PAM +AUDIT +SELINUX +IMA +APPARMOR +SMACK +SYSVINIT +UTMP +LIBCRYPTSETUP +GCRYPT +GNUTLS +ACL +XZ +LZ4 +SECCOMP +BLKID +ELFUTILS +KMOD -IDN2 +IDN -PCRE2 default-hierarchy=hybrid)
[   20.727808] systemd[1]: Detected virtualization oracle.
[   20.733538] systemd[1]: Detected architecture x86-64.

Welcome to [1mUbuntu 18.04.6 LTS[0m!

[   20.775193] systemd[1]: Set hostname to <ubuntu>.
[   20.787266] systemd[1]: Initializing machine ID from random generator.
[   20.793624] systemd[1]: Installed transient /etc/machine-id file.
[   21.263050] systemd[1]: Created slice User and Session Slice.
[[0;32m  OK  [0m] Created slice User and Session Slice.
[   21.272555] systemd[1]: Reached target Mounting snaps.
[[0;32m  OK  [0m] Reached target Mounting snaps.
[   21.281917] systemd[1]: Reached target Swap.
[[0;32m  OK  [0m] Reached target Swap.
[   21.288810] systemd[1]: Reached target System Time Synchronized.
[[0;32m  OK  [0m] Reached target System Time Synchronized.
[[0;32m  OK  [0m] Created slice System Slice.
[[0;32m  OK  [0m] Listening on Journal Socket.
[[0;32m  OK  [0m] Listening on udev Kernel Socket.
         Starting Load Kernel Modules...
[[0;32m  OK  [0m] Listening on Syslog Socket.
[[0;32m  OK  [0m] Listening on Network Service Netlink Socket.
[[0;32m  OK  [0m] Listening on fsck to fsckd communication Socket.
[[0;32m  OK  [0m] Listening on udev Control Socket.
         Starting udev Coldplug all Devices...
[   21.339473] Loading iSCSI transport class v2.0-870.
[[0;32m  OK  [0m] Listening on LVM2 poll daemon socket.
         Mounting POSIX Message Queue File System...
[[0;32m  OK  [0m] Listening on Journal Audit Socket.
[[0;32m  OK  [0m] Reached target Slices.
         Starting Set the console keyboard layout...
[[0;32m  OK  [0m] Listening on Device-mapper event daemon FIFOs.
         Mounting Huge Pages File System...
         Mounting Kernel Debug File System...
[[0;32m  OK  [0m] Listening on LVM2 metadata daemon socket.
[   21.386416] iscsi: registered transport (tcp)
         Starting Create list of required st…ce nodes for the current kernel...
         Starting Monitoring of LVM2 mirrors…ng dmeventd or progress polling...
[[0;32m  OK  [0m] Listening on Journal Socket (/dev/log).
[[0;32m  OK  [0m] Reached target User and Group Name Lookups.
[[0;32m  OK  [0m] Started Forward Password Requests to Wall Directory Watch.
[[0;32m  OK  [0m] Reached target Mounted snaps.
[[0;32m  OK  [0m] Set up automount Arbitrary Executab…rmats File System Automount Point.
         Starting Journal Service...
         Starting File System Check on Root Device...
         Starting Uncomplicated firewall...
[[0;32m  OK  [0m] Created slice system-serial\x2dgetty.slice.
[[0;32m  OK  [0m] Listening on /dev/initctl Compatibility Named Pipe.
[[0;32m  OK  [0m] Mounted POSIX Message Queue File System.
[[0;32m  OK  [0m] Mounted Huge Pages File System.
[   21.748094] iscsi: registered transport (iser)
[[0;32m  OK  [0m] Mounted Kernel Debug File System.
[[0;32m  OK  [0m] Started Create list of required sta…vice nodes for the current kernel.
[[0;32m  OK  [0m] Started Uncomplicated firewall.
[[0;32m  OK  [0m] Started LVM2 metadata daemon.
[[0;32m  OK  [0m] Started File System Check Daemon to report status.
         Starting Create Static Device Nodes in /dev...
[[0;32m  OK  [0m] Started Load Kernel Modules.
         Starting Apply Kernel Variables...
         Mounting Kernel Configuration File System...
         Mounting FUSE Control File System...
[[0;32m  OK  [0m] Mounted Kernel Configuration File System.
[[0;32m  OK  [0m] Started Monitoring of LVM2 mirrors,…sing dmeventd or progress polling.
[[0;32m  OK  [0m] Started Journal Service.
[[0;32m  OK  [0m] Started udev Coldplug all Devices.
[[0;32m  OK  [0m] Mounted FUSE Control File System.
[[0;32m  OK  [0m] Started File System Check on Root Device.
         Starting Remount Root and Kernel File Systems...
[[0;32m  OK  [0m] Started Apply Kernel Variables.
[[0;32m  OK  [0m] Started Create Static Device Nodes in /dev.
[[0;32m  OK  [0m] Started Remount Root and Kernel File Systems.
         Starting Flush Journal to Persistent Storage...
         Starting Load/Save Random Seed...
         Starting udev Kernel Device Manager...
[[0;32m  OK  [0m] Started Load/Save Random Seed.
[[0;32m  OK  [0m] Started udev Kernel Device Manager.
[[0;32m  OK  [0m] Started Flush Journal to Persistent Storage.
[[0;32m  OK  [0m] Found device /dev/ttyS0.
[[0;32m  OK  [0m] Listening on Load/Save RF Kill Switch Status /dev/rfkill Watch.
[[0;32m  OK  [0m] Started Set the console keyboard layout.
[[0;32m  OK  [0m] Reached target Local File Systems (Pre).
[[0;32m  OK  [0m] Reached target Local File Systems.
         Starting Set console font and keymap...
         Starting ebtables ruleset management...
         Starting Commit a transient machine-id on disk...
         Starting Create Volatile Files and Directories...
         Starting Tell Plymouth To Write Out Runtime Data...
         Starting AppArmor initialization...
[[0;32m  OK  [0m] Started Dispatch Password Requests to Console Directory Watch.
[[0;32m  OK  [0m] Reached target Local Encrypted Volumes.
[[0;32m  OK  [0m] Started Commit a transient machine-id on disk.
[[0;32m  OK  [0m] Started Create Volatile Files and Directories.
[[0;32m  OK  [0m] Started Tell Plymouth To Write Out Runtime Data.
         Mounting Arbitrary Executable File Formats File System...
         Starting Update UTMP about System Boot/Shutdown...
[[0;32m  OK  [0m] Mounted Arbitrary Executable File Formats File System.
[[0;32m  OK  [0m] Started Update UTMP about System Boot/Shutdown.
[[0;32m  OK  [0m] Started ebtables ruleset management.
[[0;32m  OK  [0m] Started AppArmor initialization.
         Starting Initial cloud-init job (pre-networking)...
         Starting Load AppArmor profiles managed internally by snapd...
[[0;32m  OK  [0m] Started Load AppArmor profiles managed internally by snapd.
[[0;32m  OK  [0m] Started Set console font and keymap.
[   26.667772] cloud-init[759]: Cloud-init v. 23.1.2-0ubuntu0~18.04.1 running 'init-local' at Wed, 11 Sep 2024 03:56:04 +0000. Up 26.19 seconds.
[[0;32m  OK  [0m] Started Initial cloud-init job (pre-networking).
[[0;32m  OK  [0m] Reached target Network (Pre).
         Starting Network Service...
[[0;32m  OK  [0m] Started Network Service.
         Starting Network Name Resolution...
         Starting Wait for Network to be Configured...
[[0;32m  OK  [0m] Started Network Name Resolution.
[[0;32m  OK  [0m] Reached target Network.
[[0;32m  OK  [0m] Reached target Host and Network Name Lookups.
[[0;32m  OK  [0m] Started Wait for Network to be Configured.
         Starting Initial cloud-init job (metadata service crawler)...
[   28.996059] cloud-init[941]: Cloud-init v. 23.1.2-0ubuntu0~18.04.1 running 'init' at Wed, 11 Sep 2024 03:56:06 +0000. Up 28.84 seconds.
[   29.002058] cloud-init[941]: ci-info: ++++++++++++++++++++++++++++++++++++++Net device info+++++++++++++++++++++++++++++++++++++++
[   29.007859] cloud-init[941]: ci-info: +--------+-------+----------------------------+---------------+--------+-------------------+
[   29.013901] cloud-init[941]: ci-info: | Device |   Up  |          Address           |      Mask     | Scope  |     Hw-Address    |
[   29.019553] cloud-init[941]: ci-info: +--------+-------+----------------------------+---------------+--------+-------------------+
[   29.024834] cloud-init[941]: ci-info: | enp0s3 |  True |         10.0.2.15          | 255.255.255.0 | global | 02:3b:7b:b7:3b:2d |
[   29.029993] cloud-init[941]: ci-info: | enp0s3 |  True | fe80::3b:7bff:feb7:3b2d/64 |       .       |  link  | 02:3b:7b:b7:3b:2d |
[   29.036030] cloud-init[941]: ci-info: | enp0s8 | False |             .              |       .       |   .    | 08:00:27:e1:25:98 |
[   29.042017] cloud-init[941]: ci-info: | enp0s9 | False |             .              |       .       |   .    | 08:00:27:de:8d:08 |
[   29.047197] cloud-init[941]: ci-info: |   lo   |  True |         127.0.0.1          |   255.0.0.0   |  host  |         .         |
[   29.053478] cloud-init[941]: ci-info: |   lo   |  True |          ::1/128           |       .       |  host  |         .         |
[   29.059482] cloud-init[941]: ci-info: +--------+-------+----------------------------+---------------+--------+-------------------+
[   29.064758] cloud-init[941]: ci-info: ++++++++++++++++++++++++++++Route IPv4 info+++++++++++++++++++++++++++++
[   29.068907] cloud-init[941]: ci-info: +-------+-------------+----------+-----------------+-----------+-------+
[   29.073943] cloud-init[941]: ci-info: | Route | Destination | Gateway  |     Genmask     | Interface | Flags |
[   29.078317] cloud-init[941]: ci-info: +-------+-------------+----------+-----------------+-----------+-------+
[   29.082662] cloud-init[941]: ci-info: |   0   |   0.0.0.0   | 10.0.2.2 |     0.0.0.0     |   enp0s3  |   UG  |
[   29.086911] cloud-init[941]: ci-info: |   1   |   10.0.2.0  | 0.0.0.0  |  255.255.255.0  |   enp0s3  |   U   |
[   29.090989] cloud-init[941]: ci-info: |   2   |   10.0.2.2  | 0.0.0.0  | 255.255.255.255 |   enp0s3  |   UH  |
[   29.095332] cloud-init[941]: ci-info: +-------+-------------+----------+-----------------+-----------+-------+
[   29.099734] cloud-init[941]: ci-info: +++++++++++++++++++Route IPv6 info+++++++++++++++++++
[   29.103580] cloud-init[941]: ci-info: +-------+-------------+---------+-----------+-------+
[   29.107104] cloud-init[941]: ci-info: | Route | Destination | Gateway | Interface | Flags |
[   29.110418] cloud-init[941]: ci-info: +-------+-------------+---------+-----------+-------+
[   29.114202] cloud-init[941]: ci-info: |   1   |  fe80::/64  |    ::   |   enp0s3  |   U   |
[   29.118030] cloud-init[941]: ci-info: |   3   |    local    |    ::   |   enp0s3  |   U   |
[   29.122017] cloud-init[941]: ci-info: |   4   |   ff00::/8  |    ::   |   enp0s3  |   U   |
[   29.125752] cloud-init[941]: ci-info: +-------+-------------+---------+-----------+-------+
[   30.402444] cloud-init[941]: Generating public/private rsa key pair.
[   30.405891] cloud-init[941]: Your identification has been saved in /etc/ssh/ssh_host_rsa_key.
[   30.409460] cloud-init[941]: Your public key has been saved in /etc/ssh/ssh_host_rsa_key.pub.
[   30.413062] cloud-init[941]: The key fingerprint is:
[   30.415068] cloud-init[941]: SHA256:TFBrgMKMU3EX60sqxrmySokifgxVMHMVpueK/QqXmEQ root@ubuntu-bionic
[   30.419232] cloud-init[941]: The key's randomart image is:
[   30.421599] cloud-init[941]: +---[RSA 2048]----+
[   30.423451] cloud-init[941]: | =o=oo**o        |
[   30.425805] cloud-init[941]: |o +.=oo+ .       |
[   30.427671] cloud-init[941]: | . E....+        |
[   30.429935] cloud-init[941]: |  .. .o+         |
[   30.431881] cloud-init[941]: |  ..  o.S        |
[   30.434622] cloud-init[941]: |.oo.=oo.         |
[   30.440099] cloud-init[941]: |+oB=.=.          |
[   30.446393] cloud-init[941]: |*. =o .          |
[   30.452072] cloud-init[941]: |++o  ...         |
[   30.457983] cloud-init[941]: +----[SHA256]-----+
[   30.463341] cloud-init[941]: Generating public/private dsa key pair.
[   30.469007] cloud-init[941]: Your identification has been saved in /etc/ssh/ssh_host_dsa_key.
[   30.474810] cloud-init[941]: Your public key has been saved in /etc/ssh/ssh_host_dsa_key.pub.
[   30.481752] cloud-init[941]: The key fingerprint is:
[   30.487549] cloud-init[941]: SHA256:brWWczwjQIiC7InNIRRpz7/S5g0IUa4T3bF2YvkQJ1E root@ubuntu-bionic
[   30.495310] cloud-init[941]: The key's randomart image is:
[   30.500401] cloud-init[941]: +---[DSA 1024]----+[[0;32m  OK  [0m] Started Initial cloud-init job (metadata service crawler).
[[0;32m  OK  [0m] Reached target System Initialization.
         Starting Socket activation for snappy daemon.
[[0;32m  OK  [0m] Listening on cloud-init hotplug hook socket.
[[0;32m  OK  [0m] Listening on ACPID Listen Socket.
[[0;32m  OK  [0m] Started Discard unused blocks once a week.
[[0;32m  OK  [0m] Started Ubuntu Advantage Timer for running repeated jobs.
[[0;32m  OK  [0m] Started Daily apt download activities.
[[0;32m  OK  [0m] Started Daily apt upgrade and clean activities.
[[0;32m  OK  [0m] Started Message of the Day.
[[0;32m  OK  [0m] Started Daily Cleanup of Temporary Directories.
[[0;32m  OK  [0m] Listening on D-Bus System Message Bus Socket.
[[0;32m  OK  [0m] Started ACPI Events Check.
[[0;32m  OK  [0m] Reached target Paths.
         Starting LXD - unix socket.
[[0;32m  OK  [0m] Listening on Open-iSCSI iscsid Socket.
[[0;32m  OK  [0m] Reached target Timers.
[[0;32m  OK  [0m] Listening on UUID daemon activation socket.
[[0;32m  OK  [0m] Reached target Network is Online.
[[0;32m  OK  [0m] Reached target Remote File Systems (Pre).
[[0;32m  OK  [0m] Reached target Remote File Systems.
         Starting Availability of block devices...
[[0;32m  OK  [0m] Reached target Cloud-config availability.
[[0;32m  OK  [0m] Listening on Socket activation for snappy daemon.
[[0;32m  OK  [0m] Started Availability of block devices.

[   30.556004] cloud-init[941]: | oo. =oE         |
[   30.558413] cloud-init[941]: |o++ ..B.         |
[   30.560825] cloud-init[941]: |++=o.O...        |
[   30.563289] cloud-init[941]: |o+==o =.         |
[[0;32m  OK  [0m] Listening on LXD - unix socket.
[[0;32m  OK  [0m] Reached target Sockets.
[[0;32m  OK  [0m] Reached target Basic System.
[[0;32m  OK  [0m] Reached target Login Prompts (Pre).
[   30.567469] cloud-init[941]: |.*o .  .S .      |
[   30.585387] cloud-init[941]: |  o .. . o +     |
[   30.605959] cloud-init[941]: |   .... o * =    |
[   30.613875] cloud-init[941]: |   . +o. . + o   |
[   30.621681] cloud-init[941]: |    +. .         |
         Starting Login Service...
[   30.627635]          Starting System Logging Service...
         Starting Virtualbox guest utils...
cloud-init         Starting Snap Daemon...
[941]:          Starting Pollinate to seed the pseudo random number generator...
+----[SHA256]-----+[[0;32m  OK  [0m] Started FUSE filesystem for LXC.
[[0;32m  OK  [0m] Started D-Bus System Message Bus.

[   30.655781] cloud-init[941]: Generating public/private ecdsa key pair.
[   30.665579] cloud-init[941]: Your identification has been saved in /etc/ssh/ssh_host_ecdsa_key.
[   30.674238] cloud-init[941]: Your public key has been saved in /etc/ssh/ssh_host_ecdsa_key.pub.
[   30.682031] cloud-init[941]: The key fingerprint is:
[   30.689640] cloud-init[941]: SHA256:Y9zg6d7aYofnUHBKrhEP708xXw31LqOC9D+PRXMmUbg root@ubuntu-bionic
[   30.699036] cloud-init[941]: The key's randomart image is:
[   30.706721] cloud-init[941]: +---[ECDSA 256]---+
[   30.722327] cloud-init[941]: |               .o|
[   30.730297] cloud-init[941]: |              .o.|
[   30.735866] cloud-init[941]: |      o + .   o..|
[   30.741820] cloud-init[941]: |       X B    E= |
[   30.749922] cloud-init[941]: |      . S =   B =|
[   30.755755] cloud-init[941]: |       B = + + B |
[   30.762380] cloud-init[941]: |      . =.+ o .  |
[   30.770780] cloud-init[941]: |       .+*oo.o   |
[   30.777029] cloud-init[941]: |       .o*= oo.  |
[   30.783151] cloud-init[941]: +----[SHA256]-----+
[   30.790524] cloud-init[941]: Generating public/private ed25519 key pair.
[   30.797351] cloud-init[941]: Your identification has been saved in /etc/ssh/ssh_host_ed25519_key.
[   30.803958] cloud-init[941]: Your public key has been saved in /etc/ssh/ssh_host_ed25519_key.pub.
[   30.817705] cloud-init[941]: The key fingerprint is:
[   30.828898] cloud-init[941]: SHA256:CTD0iIEXddyV2p4haNwZmu5jkMZ8wV6s3QVn07Ll+no root@ubuntu-bionic
[   30.841394] cloud-init[941]: The key's randomart image is:
[   30.855537] cloud-init[941]: +--[ED25519 256]--+
[   30.863188] cloud-init[941]: | .o+=... ... .   |
[   30.870647] cloud-init[941]: |. .o *. o o = o  |
[   30.879587] cloud-init[941]: | .. .oo* = + *   |
[   30.886064] cloud-init[941]: |      O.B.o o .  |[[0;32m  OK  [0m] Started irqbalance daemon.
         Starting Permit User Sessions...

[   30.894684] cloud-init[941]: |   o = =S+ + .   |
[   30.896913] cloud-init[941]: |    * = . + .    |
         Starting Dispatcher daemon for systemd-networkd...
[   30.904993] cloud-init[941]: |   . +       .   |
[   30.911095] cloud-init[941]: |      +       E  |
[   30.914511] cloud-init[941]: |     . .    .o   |
[   30.917007] cloud-init[941]: +----[SHA256]-----+
[[0;32m  OK  [0m] Started Regular background program processing daemon.
[[0;32m  OK  [0m] Started Deferred execution scheduler.
         Starting LSB: Record successful boot for GRUB...
         Starting LSB: automatic crash report generation...
         Starting Accounts Service...
         Starting LXD - container startup/shutdown...
[[0;32m  OK  [0m] Started System Logging Service.
[[0;32m  OK  [0m] Started Permit User Sessions.
[[0;32m  OK  [0m] Started Login Service.
[[0;32m  OK  [0m] Started Unattended Upgrades Shutdown.
         Starting Terminate Plymouth Boot Screen...
         Starting Hold until boot process finishes up...
[[0;32m  OK  [0m] Started Terminate Plymouth Boot Screen.
[[0;32m  OK  [0m] Started Hold until boot process finishes up.
[[0;32m  OK  [0m] Started Serial Getty on ttyS0.
         Starting Set console scheme...
[[0;32m  OK  [0m] Started Set console scheme.
[[0;32m  OK  [0m] Created slice system-getty.slice.
[[0;32m  OK  [0m] Started Getty on tty1.
[[0;32m  OK  [0m] Reached target Login Prompts.
[[0;32m  OK  [0m] Started LSB: automatic crash report generation.
         Starting Authorization Manager...
[[0;32m  OK  [0m] Started LSB: Record successful boot for GRUB.
[[0;32m  OK  [0m] Started Virtualbox guest utils.
[[0;32m  OK  [0m] Started Authorization Manager.
[[0;32m  OK  [0m] Started Accounts Service.
[[0;32m  OK  [0m] Started LXD - container startup/shutdown.
[[0;32m  OK  [0m] Started Dispatcher daemon for systemd-networkd.
[[0;32m  OK  [0m] Started Snap Daemon.
         Starting Wait until snapd is fully seeded...
[[0;32m  OK  [0m] Started Pollinate to seed the pseudo random number generator.
         Starting OpenBSD Secure Shell server...
[[0;32m  OK  [0m] Started OpenBSD Secure Shell server.
[[0;32m  OK  [0m] Created slice User Slice of vagrant.
         Starting Time & Date Service...
         Starting User Manager for UID 1000...
[[0;32m  OK  [0m] Started Session 1 of user vagrant.
[[0;32m  OK  [0m] Started Time & Date Service.
[[0;32m  OK  [0m] Started User Manager for UID 1000.

Ubuntu 18.04.6 LTS ubuntu-bionic ttyS0

ubuntu-bionic login: [   37.819471] cloud-init[1576]: Cloud-init v. 23.1.2-0ubuntu0~18.04.1 running 'modules:config' at Wed, 11 Sep 2024 03:56:15 +0000. Up 37.26 seconds.
ci-info: no authorized SSH keys fingerprints found for user ubuntu.
<14>Sep 11 03:56:16 cloud-init: #############################################################
<14>Sep 11 03:56:16 cloud-init: -----BEGIN SSH HOST KEY FINGERPRINTS-----
<14>Sep 11 03:56:16 cloud-init: 1024 SHA256:brWWczwjQIiC7InNIRRpz7/S5g0IUa4T3bF2YvkQJ1E root@ubuntu-bionic (DSA)
<14>Sep 11 03:56:16 cloud-init: 256 SHA256:Y9zg6d7aYofnUHBKrhEP708xXw31LqOC9D+PRXMmUbg root@ubuntu-bionic (ECDSA)
<14>Sep 11 03:56:16 cloud-init: 256 SHA256:CTD0iIEXddyV2p4haNwZmu5jkMZ8wV6s3QVn07Ll+no root@ubuntu-bionic (ED25519)
<14>Sep 11 03:56:16 cloud-init: 2048 SHA256:TFBrgMKMU3EX60sqxrmySokifgxVMHMVpueK/QqXmEQ root@ubuntu-bionic (RSA)
<14>Sep 11 03:56:16 cloud-init: -----END SSH HOST KEY FINGERPRINTS-----
<14>Sep 11 03:56:16 cloud-init: #############################################################
-----BEGIN SSH HOST KEY KEYS-----
ecdsa-sha2-nistp256 AAAAE2VjZHNhLXNoYTItbmlzdHAyNTYAAAAIbmlzdHAyNTYAAABBBBGtAK/uwqitfOLMZhd9MvVa/IQLgP25iexx2K4Xg/LSHU38HgqdqagXZ/f4Yw1I14m9QQqACPpmGT35e7CuPeA= root@ubuntu-bionic
ssh-ed25519 AAAAC3NzaC1lZDI1NTE5AAAAIJQInahJS1uEOkEdIAZfuSibyvkOE7WkQdZCTW3PJKvK root@ubuntu-bionic
ssh-rsa AAAAB3NzaC1yc2EAAAADAQABAAABAQCc/ThR5zC6TnydFEBVPyawkjxsmuNv9N7qJFX/2YTKt3OOpOvcEWGK8SuqlRll5/xET7p0+pNmzLrXM8D2xkaLXvnqPqyP8rJbr8QEqnampUtA9zSd4BU6tzrQzc0gJuYNMDtTiLsSZHTMqEGN6pjBScf1Y1Ld5RCKj9WRGDdbeQ+Xh4XDacMgw9qHcMwbFU94JRwjmqzaVtBCXiYXNdnqihPxbdh2Q67iD0r+UaZzbK4iS6r/sre55W5aUsrp32QkMc+J+jr4xHQumI1PqQ9nLEysNWjRkTXshV2vOXcc+tpsdv6OsdYLef7eI5U1w6MQVYlS9NcoXYqr9vBptCnb root@ubuntu-bionic
-----END SSH HOST KEY KEYS-----
[   38.732401] cloud-init[1724]: Cloud-init v. 23.1.2-0ubuntu0~18.04.1 running 'modules:final' at Wed, 11 Sep 2024 03:56:16 +0000. Up 38.37 seconds.
[   38.746548] cloud-init[1724]: Cloud-init v. 23.1.2-0ubuntu0~18.04.1 finished at Wed, 11 Sep 2024 03:56:16 +0000. Datasource DataSourceNoCloud [seed=/dev/sdb][dsmode=net].  Up 38.67 seconds
